[      67ms] [ERROR] Failed to load resource: the server responded with a status of 500 (Internal Server Error) @ http://localhost:3000/:0
[     213ms] [INFO] %cDownload the React DevTools for a better development experience: https://reactjs.org/link/react-devtools font-weight:bold @ webpack-internal:///./node_modules/react-dom/cjs/react-dom.development.js:29889
[     233ms] 500 - Internal Server Error.
[     231ms] [ERROR] WebSocket connection to 'ws://localhost:3000/_next/webpack-hmr' failed: Error during WebSocket handshake: net::ERR_INVALID_HTTP_RESPONSE @ webpack-internal:///./node_modules/next/dist/client/dev/error-overlay/websocket.js:93
[     234ms] [ERROR] Failed to load resource: the server responded with a status of 404 (Not Found) @ http://localhost:3000/_next/static/yVwCXcLWU_M-veUgwvMeY/_devMiddlewareManifest.json:0
[     247ms] [LOG] Failed to fetch _devMiddlewareManifest SyntaxError: Unexpected token '<', "<!DOCTYPE "... is not valid JSON @ webpack-internal:///./node_modules/next/dist/client/page-loader.js:79
[     248ms] [ERROR] Failed to load resource: the server responded with a status of 500 (Internal Server Error) @ http://localhost:3000/favicon.ico:0
[    1237ms] [ERROR] WebSocket connection to 'ws://localhost:3000/_next/webpack-hmr' failed: Error during WebSocket handshake: net::ERR_INVALID_HTTP_RESPONSE @ webpack-internal:///./node_modules/next/dist/client/dev/error-overlay/websocket.js:93
[    2241ms] [ERROR] WebSocket connection to 'ws://localhost:3000/_next/webpack-hmr' failed: Error during WebSocket handshake: net::ERR_INVALID_HTTP_RESPONSE @ webpack-internal:///./node_modules/next/dist/client/dev/error-overlay/websocket.js:93
[    3246ms] [ERROR] WebSocket connection to 'ws://localhost:3000/_next/webpack-hmr' failed: Error during WebSocket handshake: net::ERR_INVALID_HTTP_RESPONSE @ webpack-internal:///./node_modules/next/dist/client/dev/error-overlay/websocket.js:93
[    4252ms] [ERROR] WebSocket connection to 'ws://localhost:3000/_next/webpack-hmr' failed: Error during WebSocket handshake: net::ERR_INVALID_HTTP_RESPONSE @ webpack-internal:///./node_modules/next/dist/client/dev/error-overlay/websocket.js:93
[    5264ms] [ERROR] WebSocket connection to 'ws://localhost:3000/_next/webpack-hmr' failed: Error during WebSocket handshake: net::ERR_INVALID_HTTP_RESPONSE @ webpack-internal:///./node_modules/next/dist/client/dev/error-overlay/websocket.js:93
[   10274ms] [ERROR] WebSocket connection to 'ws://localhost:3000/_next/webpack-hmr' failed: Error during WebSocket handshake: net::ERR_INVALID_HTTP_RESPONSE @ webpack-internal:///./node_modules/next/dist/client/dev/error-overlay/websocket.js:93
[   15288ms] [ERROR] WebSocket connection to 'ws://localhost:3000/_next/webpack-hmr' failed: Error during WebSocket handshake: net::ERR_INVALID_HTTP_RESPONSE @ webpack-internal:///./node_modules/next/dist/client/dev/error-overlay/websocket.js:93
[   20315ms] [ERROR] WebSocket connection to 'ws://localhost:3000/_next/webpack-hmr' failed: Error during WebSocket handshake: net::ERR_INVALID_HTTP_RESPONSE @ webpack-internal:///./node_modules/next/dist/client/dev/error-overlay/websocket.js:93
[   25402ms] [ERROR] WebSocket connection to 'ws://localhost:3000/_next/webpack-hmr' failed: Error during WebSocket handshake: net::ERR_INVALID_HTTP_RESPONSE @ webpack-internal:///./node_modules/next/dist/client/dev/error-overlay/websocket.js:93
[   30541ms] [ERROR] WebSocket connection to 'ws://localhost:3000/_next/webpack-hmr' failed: Error in connection establishment: net::ERR_CONNECTION_REFUSED @ webpack-internal:///./node_modules/next/dist/client/dev/error-overlay/websocket.js:93
[   35786ms] [ERROR] WebSocket connection to 'ws://localhost:3000/_next/webpack-hmr' failed: Error in connection establishment: net::ERR_CONNECTION_REFUSED @ webpack-internal:///./node_modules/next/dist/client/dev/error-overlay/websocket.js:93
[   41016ms] [ERROR] WebSocket connection to 'ws://localhost:3000/_next/webpack-hmr' failed: Error in connection establishment: net::ERR_CONNECTION_REFUSED @ webpack-internal:///./node_modules/next/dist/client/dev/error-overlay/websocket.js:93
[   47159ms] [ERROR] WebSocket connection to 'ws://localhost:3000/_next/webpack-hmr' failed: Error in connection establishment: net::ERR_CONNECTION_REFUSED @ webpack-internal:///./node_modules/next/dist/client/dev/error-overlay/websocket.js:93
[   53934ms] [ERROR] WebSocket connection to 'ws://localhost:3000/_next/webpack-hmr' failed: Error in connection establishment: net::ERR_CONNECTION_REFUSED @ webpack-internal:///./node_modules/next/dist/client/dev/error-overlay/websocket.js:93
[   63406ms] [ERROR] WebSocket connection to 'ws://localhost:3000/_next/webpack-hmr' failed: Error in connection establishment: net::ERR_CONNECTION_REFUSED @ webpack-internal:///./node_modules/next/dist/client/dev/error-overlay/websocket.js:93
[   70951ms] [ERROR] WebSocket connection to 'ws://localhost:3000/_next/webpack-hmr' failed: Error in connection establishment: net::ERR_CONNECTION_REFUSED @ webpack-internal:///./node_modules/next/dist/client/dev/error-overlay/websocket.js:93
[   79358ms] [ERROR] WebSocket connection to 'ws://localhost:3000/_next/webpack-hmr' failed: Error during WebSocket handshake: net::ERR_INVALID_HTTP_RESPONSE @ webpack-internal:///./node_modules/next/dist/client/dev/error-overlay/websocket.js:93
[   86303ms] [ERROR] WebSocket connection to 'ws://localhost:3000/_next/webpack-hmr' failed: Error during WebSocket handshake: net::ERR_INVALID_HTTP_RESPONSE @ webpack-internal:///./node_modules/next/dist/client/dev/error-overlay/websocket.js:93
[   95642ms] [ERROR] WebSocket connection to 'ws://localhost:3000/_next/webpack-hmr' failed: Error during WebSocket handshake: net::ERR_INVALID_HTTP_RESPONSE @ webpack-internal:///./node_modules/next/dist/client/dev/error-overlay/websocket.js:93
[  102382ms] [ERROR] WebSocket connection to 'ws://localhost:3000/_next/webpack-hmr' failed: Error during WebSocket handshake: net::ERR_INVALID_HTTP_RESPONSE @ webpack-internal:///./node_modules/next/dist/client/dev/error-overlay/websocket.js:93
[  109773ms] [ERROR] WebSocket connection to 'ws://localhost:3000/_next/webpack-hmr' failed: Error during WebSocket handshake: net::ERR_INVALID_HTTP_RESPONSE @ webpack-internal:///./node_modules/next/dist/client/dev/error-overlay/websocket.js:93
[  116647ms] [ERROR] WebSocket connection to 'ws://localhost:3000/_next/webpack-hmr' failed: Error during WebSocket handshake: net::ERR_INVALID_HTTP_RESPONSE @ webpack-internal:///./node_modules/next/dist/client/dev/error-overlay/websocket.js:93
[  121652ms] [ERROR] WebSocket connection to 'ws://localhost:3000/_next/webpack-hmr' failed: Error during WebSocket handshake: net::ERR_INVALID_HTTP_RESPONSE @ webpack-internal:///./node_modules/next/dist/client/dev/error-overlay/websocket.js:93
[  126658ms] [ERROR] WebSocket connection to 'ws://localhost:3000/_next/webpack-hmr' failed: Error during WebSocket handshake: net::ERR_INVALID_HTTP_RESPONSE @ webpack-internal:///./node_modules/next/dist/client/dev/error-overlay/websocket.js:93
[  131664ms] [ERROR] WebSocket connection to 'ws://localhost:3000/_next/webpack-hmr' failed: Error during WebSocket handshake: net::ERR_INVALID_HTTP_RESPONSE @ webpack-internal:///./node_modules/next/dist/client/dev/error-overlay/websocket.js:93
[  131919ms] [ERROR] Failed to load resource: the server responded with a status of 404 (Not Found) @ http://localhost:3000/_vercel/speed-insights/script.js:0
[  131919ms] [LOG] [Vercel Speed Insights] Failed to load script from /_vercel/speed-insights/script.js. Please check if any content blockers are enabled and try again. @ http://localhost:3000/_next/static/chunks/7322-56da009c287e2a19.js:0
[  132583ms] [ERROR] Failed to load resource: the server responded with a status of 404 (Not Found) @ http://localhost:3000/favicon.ico:0
